<?xml version="1.0" encoding="UTF-8"?>
<testsuite xmlns:xsi="http://www.w3.org/2001/XMLSchema-instance" xsi:noNamespaceSchemaLocation="https://maven.apache.org/surefire/maven-surefire-plugin/xsd/surefire-test-report.xsd" name="testrunners.ParallelRun" time="45.94" tests="1" errors="0" skipped="0" failures="0">
  <properties>
    <property name="cucumber.features" value="src/test/resources/parallel"/>
    <property name="java.specification.version" value="17"/>
    <property name="sun.jnu.encoding" value="UTF-8"/>
    <property name="java.class.path" value="/Users/sanghamitrabhowmick/eclipse-workspace/com.fis.qa.e2e/target/test-classes:/Users/sanghamitrabhowmick/eclipse-workspace/com.fis.qa.e2e/target/classes:/Users/sanghamitrabhowmick/.m2/repository/com/fasterxml/jackson/core/jackson-databind/2.7.4/jackson-databind-2.7.4.jar:/Users/sanghamitrabhowmick/.m2/repository/com/fasterxml/jackson/core/jackson-annotations/2.7.0/jackson-annotations-2.7.0.jar:/Users/sanghamitrabhowmick/.m2/repository/com/fasterxml/jackson/core/jackson-core/2.7.4/jackson-core-2.7.4.jar:/Users/sanghamitrabhowmick/.m2/repository/com/aventstack/extentreports/5.0.9/extentreports-5.0.9.jar:/Users/sanghamitrabhowmick/.m2/repository/io/reactivex/rxjava3/rxjava/3.0.4/rxjava-3.0.4.jar:/Users/sanghamitrabhowmick/.m2/repository/org/reactivestreams/reactive-streams/1.0.3/reactive-streams-1.0.3.jar:/Users/sanghamitrabhowmick/.m2/repository/org/freemarker/freemarker/2.3.30/freemarker-2.3.30.jar:/Users/sanghamitrabhowmick/.m2/repository/com/google/code/gson/gson/2.8.6/gson-2.8.6.jar:/Users/sanghamitrabhowmick/.m2/repository/org/imgscalr/imgscalr-lib/4.2/imgscalr-lib-4.2.jar:/Users/sanghamitrabhowmick/.m2/repository/org/projectlombok/lombok/1.18.28/lombok-1.18.28.jar:/Users/sanghamitrabhowmick/.m2/repository/com/github/ralfstuckert/pdfbox-layout/pdfbox2-layout/1.0.1/pdfbox2-layout-1.0.1.jar:/Users/sanghamitrabhowmick/.m2/repository/org/apache/pdfbox/pdfbox/2.0.4/pdfbox-2.0.4.jar:/Users/sanghamitrabhowmick/.m2/repository/org/apache/pdfbox/fontbox/2.0.4/fontbox-2.0.4.jar:/Users/sanghamitrabhowmick/.m2/repository/commons-logging/commons-logging/1.2/commons-logging-1.2.jar:/Users/sanghamitrabhowmick/.m2/repository/io/cucumber/cucumber-java/6.9.0/cucumber-java-6.9.0.jar:/Users/sanghamitrabhowmick/.m2/repository/io/cucumber/cucumber-core/6.9.0/cucumber-core-6.9.0.jar:/Users/sanghamitrabhowmick/.m2/repository/io/cucumber/cucumber-gherkin/6.9.0/cucumber-gherkin-6.9.0.jar:/Users/sanghamitrabhowmick/.m2/repository/io/cucumber/cucumber-gherkin-messages/6.9.0/cucumber-gherkin-messages-6.9.0.jar:/Users/sanghamitrabhowmick/.m2/repository/io/cucumber/messages/13.2.0/messages-13.2.0.jar:/Users/sanghamitrabhowmick/.m2/repository/io/cucumber/tag-expressions/3.0.0/tag-expressions-3.0.0.jar:/Users/sanghamitrabhowmick/.m2/repository/io/cucumber/cucumber-expressions/10.3.0/cucumber-expressions-10.3.0.jar:/Users/sanghamitrabhowmick/.m2/repository/io/cucumber/datatable/3.5.0/datatable-3.5.0.jar:/Users/sanghamitrabhowmick/.m2/repository/io/cucumber/cucumber-plugin/6.9.0/cucumber-plugin-6.9.0.jar:/Users/sanghamitrabhowmick/.m2/repository/io/cucumber/docstring/6.9.0/docstring-6.9.0.jar:/Users/sanghamitrabhowmick/.m2/repository/io/cucumber/html-formatter/9.0.0/html-formatter-9.0.0.jar:/Users/sanghamitrabhowmick/.m2/repository/io/cucumber/create-meta/2.0.4/create-meta-2.0.4.jar:/Users/sanghamitrabhowmick/.m2/repository/org/apiguardian/apiguardian-api/1.1.0/apiguardian-api-1.1.0.jar:/Users/sanghamitrabhowmick/.m2/repository/io/cucumber/cucumber-junit/6.9.0/cucumber-junit-6.9.0.jar:/Users/sanghamitrabhowmick/.m2/repository/junit/junit/4.13.1/junit-4.13.1.jar:/Users/sanghamitrabhowmick/.m2/repository/org/hamcrest/hamcrest-core/1.3/hamcrest-core-1.3.jar:/Users/sanghamitrabhowmick/.m2/repository/org/seleniumhq/selenium/selenium-java/4.3.0/selenium-java-4.3.0.jar:/Users/sanghamitrabhowmick/.m2/repository/org/seleniumhq/selenium/selenium-api/4.3.0/selenium-api-4.3.0.jar:/Users/sanghamitrabhowmick/.m2/repository/org/seleniumhq/selenium/selenium-chrome-driver/4.3.0/selenium-chrome-driver-4.3.0.jar:/Users/sanghamitrabhowmick/.m2/repository/com/google/auto/service/auto-service-annotations/1.0.1/auto-service-annotations-1.0.1.jar:/Users/sanghamitrabhowmick/.m2/repository/com/google/auto/service/auto-service/1.0.1/auto-service-1.0.1.jar:/Users/sanghamitrabhowmick/.m2/repository/com/google/auto/auto-common/1.2/auto-common-1.2.jar:/Users/sanghamitrabhowmick/.m2/repository/com/google/guava/guava/31.1-jre/guava-31.1-jre.jar:/Users/sanghamitrabhowmick/.m2/repository/com/google/guava/failureaccess/1.0.1/failureaccess-1.0.1.jar:/Users/sanghamitrabhowmick/.m2/repository/com/google/guava/listenablefuture/9999.0-empty-to-avoid-conflict-with-guava/listenablefuture-9999.0-empty-to-avoid-conflict-with-guava.jar:/Users/sanghamitrabhowmick/.m2/repository/com/google/code/findbugs/jsr305/3.0.2/jsr305-3.0.2.jar:/Users/sanghamitrabhowmick/.m2/repository/org/checkerframework/checker-qual/3.12.0/checker-qual-3.12.0.jar:/Users/sanghamitrabhowmick/.m2/repository/com/google/errorprone/error_prone_annotations/2.11.0/error_prone_annotations-2.11.0.jar:/Users/sanghamitrabhowmick/.m2/repository/com/google/j2objc/j2objc-annotations/1.3/j2objc-annotations-1.3.jar:/Users/sanghamitrabhowmick/.m2/repository/org/seleniumhq/selenium/selenium-chromium-driver/4.3.0/selenium-chromium-driver-4.3.0.jar:/Users/sanghamitrabhowmick/.m2/repository/org/seleniumhq/selenium/selenium-json/4.3.0/selenium-json-4.3.0.jar:/Users/sanghamitrabhowmick/.m2/repository/org/seleniumhq/selenium/selenium-devtools-v101/4.3.0/selenium-devtools-v101-4.3.0.jar:/Users/sanghamitrabhowmick/.m2/repository/org/seleniumhq/selenium/selenium-devtools-v102/4.3.0/selenium-devtools-v102-4.3.0.jar:/Users/sanghamitrabhowmick/.m2/repository/org/seleniumhq/selenium/selenium-devtools-v103/4.3.0/selenium-devtools-v103-4.3.0.jar:/Users/sanghamitrabhowmick/.m2/repository/org/seleniumhq/selenium/selenium-devtools-v85/4.3.0/selenium-devtools-v85-4.3.0.jar:/Users/sanghamitrabhowmick/.m2/repository/org/seleniumhq/selenium/selenium-edge-driver/4.3.0/selenium-edge-driver-4.3.0.jar:/Users/sanghamitrabhowmick/.m2/repository/org/seleniumhq/selenium/selenium-firefox-driver/4.3.0/selenium-firefox-driver-4.3.0.jar:/Users/sanghamitrabhowmick/.m2/repository/org/seleniumhq/selenium/selenium-ie-driver/4.3.0/selenium-ie-driver-4.3.0.jar:/Users/sanghamitrabhowmick/.m2/repository/org/seleniumhq/selenium/selenium-opera-driver/4.3.0/selenium-opera-driver-4.3.0.jar:/Users/sanghamitrabhowmick/.m2/repository/org/seleniumhq/selenium/selenium-remote-driver/4.3.0/selenium-remote-driver-4.3.0.jar:/Users/sanghamitrabhowmick/.m2/repository/io/netty/netty-buffer/4.1.78.Final/netty-buffer-4.1.78.Final.jar:/Users/sanghamitrabhowmick/.m2/repository/io/netty/netty-codec-http/4.1.78.Final/netty-codec-http-4.1.78.Final.jar:/Users/sanghamitrabhowmick/.m2/repository/io/netty/netty-codec/4.1.78.Final/netty-codec-4.1.78.Final.jar:/Users/sanghamitrabhowmick/.m2/repository/io/netty/netty-handler/4.1.78.Final/netty-handler-4.1.78.Final.jar:/Users/sanghamitrabhowmick/.m2/repository/io/netty/netty-common/4.1.78.Final/netty-common-4.1.78.Final.jar:/Users/sanghamitrabhowmick/.m2/repository/io/netty/netty-transport-classes-epoll/4.1.78.Final/netty-transport-classes-epoll-4.1.78.Final.jar:/Users/sanghamitrabhowmick/.m2/repository/io/netty/netty-transport-classes-kqueue/4.1.78.Final/netty-transport-classes-kqueue-4.1.78.Final.jar:/Users/sanghamitrabhowmick/.m2/repository/io/netty/netty-transport-native-epoll/4.1.78.Final/netty-transport-native-epoll-4.1.78.Final.jar:/Users/sanghamitrabhowmick/.m2/repository/io/netty/netty-transport-native-kqueue/4.1.78.Final/netty-transport-native-kqueue-4.1.78.Final.jar:/Users/sanghamitrabhowmick/.m2/repository/io/netty/netty-transport-native-unix-common/4.1.78.Final/netty-transport-native-unix-common-4.1.78.Final.jar:/Users/sanghamitrabhowmick/.m2/repository/io/netty/netty-transport/4.1.78.Final/netty-transport-4.1.78.Final.jar:/Users/sanghamitrabhowmick/.m2/repository/io/netty/netty-resolver/4.1.78.Final/netty-resolver-4.1.78.Final.jar:/Users/sanghamitrabhowmick/.m2/repository/io/opentelemetry/opentelemetry-api/1.15.0/opentelemetry-api-1.15.0.jar:/Users/sanghamitrabhowmick/.m2/repository/io/opentelemetry/opentelemetry-context/1.15.0/opentelemetry-context-1.15.0.jar:/Users/sanghamitrabhowmick/.m2/repository/io/opentelemetry/opentelemetry-exporter-logging/1.15.0/opentelemetry-exporter-logging-1.15.0.jar:/Users/sanghamitrabhowmick/.m2/repository/io/opentelemetry/opentelemetry-sdk-metrics/1.15.0/opentelemetry-sdk-metrics-1.15.0.jar:/Users/sanghamitrabhowmick/.m2/repository/io/opentelemetry/opentelemetry-sdk-logs/1.15.0-alpha/opentelemetry-sdk-logs-1.15.0-alpha.jar:/Users/sanghamitrabhowmick/.m2/repository/io/opentelemetry/opentelemetry-sdk-common/1.15.0/opentelemetry-sdk-common-1.15.0.jar:/Users/sanghamitrabhowmick/.m2/repository/io/opentelemetry/opentelemetry-sdk-extension-autoconfigure-spi/1.15.0/opentelemetry-sdk-extension-autoconfigure-spi-1.15.0.jar:/Users/sanghamitrabhowmick/.m2/repository/io/opentelemetry/opentelemetry-sdk-extension-autoconfigure/1.15.0-alpha/opentelemetry-sdk-extension-autoconfigure-1.15.0-alpha.jar:/Users/sanghamitrabhowmick/.m2/repository/io/opentelemetry/opentelemetry-sdk-trace/1.15.0/opentelemetry-sdk-trace-1.15.0.jar:/Users/sanghamitrabhowmick/.m2/repository/io/opentelemetry/opentelemetry-sdk/1.15.0/opentelemetry-sdk-1.15.0.jar:/Users/sanghamitrabhowmick/.m2/repository/io/opentelemetry/opentelemetry-semconv/1.15.0-alpha/opentelemetry-semconv-1.15.0-alpha.jar:/Users/sanghamitrabhowmick/.m2/repository/io/ous/jtoml/2.0.0/jtoml-2.0.0.jar:/Users/sanghamitrabhowmick/.m2/repository/net/bytebuddy/byte-buddy/1.12.10/byte-buddy-1.12.10.jar:/Users/sanghamitrabhowmick/.m2/repository/org/apache/commons/commons-exec/1.3/commons-exec-1.3.jar:/Users/sanghamitrabhowmick/.m2/repository/org/asynchttpclient/async-http-client/2.12.3/async-http-client-2.12.3.jar:/Users/sanghamitrabhowmick/.m2/repository/org/asynchttpclient/async-http-client-netty-utils/2.12.3/async-http-client-netty-utils-2.12.3.jar:/Users/sanghamitrabhowmick/.m2/repository/io/netty/netty-codec-socks/4.1.60.Final/netty-codec-socks-4.1.60.Final.jar:/Users/sanghamitrabhowmick/.m2/repository/io/netty/netty-handler-proxy/4.1.60.Final/netty-handler-proxy-4.1.60.Final.jar:/Users/sanghamitrabhowmick/.m2/repository/io/netty/netty-transport-native-epoll/4.1.60.Final/netty-transport-native-epoll-4.1.60.Final-linux-x86_64.jar:/Users/sanghamitrabhowmick/.m2/repository/io/netty/netty-transport-native-kqueue/4.1.60.Final/netty-transport-native-kqueue-4.1.60.Final-osx-x86_64.jar:/Users/sanghamitrabhowmick/.m2/repository/com/typesafe/netty/netty-reactive-streams/2.0.4/netty-reactive-streams-2.0.4.jar:/Users/sanghamitrabhowmick/.m2/repository/com/sun/activation/jakarta.activation/1.2.2/jakarta.activation-1.2.2.jar:/Users/sanghamitrabhowmick/.m2/repository/org/seleniumhq/selenium/selenium-http/4.3.0/selenium-http-4.3.0.jar:/Users/sanghamitrabhowmick/.m2/repository/dev/failsafe/failsafe/3.2.4/failsafe-3.2.4.jar:/Users/sanghamitrabhowmick/.m2/repository/org/seleniumhq/selenium/selenium-safari-driver/4.3.0/selenium-safari-driver-4.3.0.jar:/Users/sanghamitrabhowmick/.m2/repository/org/seleniumhq/selenium/selenium-support/4.3.0/selenium-support-4.3.0.jar:/Users/sanghamitrabhowmick/.m2/repository/io/github/bonigarcia/webdrivermanager/5.4.0/webdrivermanager-5.4.0.jar:/Users/sanghamitrabhowmick/.m2/repository/org/slf4j/slf4j-api/2.0.7/slf4j-api-2.0.7.jar:/Users/sanghamitrabhowmick/.m2/repository/com/github/docker-java/docker-java/3.3.1/docker-java-3.3.1.jar:/Users/sanghamitrabhowmick/.m2/repository/com/github/docker-java/docker-java/docker-java/3.3.1/docker-java-3.3.1.jar:/Users/sanghamitrabhowmick/.m2/repository/org/slf4j/jcl-over-slf4j/1.7.30/jcl-over-slf4j-1.7.30.jar:/Users/sanghamitrabhowmick/.m2/repository/com/github/docker-java/docker-java/docker-java-api/3.3.1/docker-java-api-3.3.1.jar:/Users/sanghamitrabhowmick/.m2/repository/com/github/docker-java/docker-java/docker-java-core/3.3.1/docker-java-core-3.3.1.jar:/Users/sanghamitrabhowmick/.m2/repository/commons-io/commons-io/2.6/commons-io-2.6.jar:/Users/sanghamitrabhowmick/.m2/repository/org/bouncycastle/bcpkix-jdk15on/1.64/bcpkix-jdk15on-1.64.jar:/Users/sanghamitrabhowmick/.m2/repository/org/bouncycastle/bcprov-jdk15on/1.64/bcprov-jdk15on-1.64.jar:/Users/sanghamitrabhowmick/.m2/repository/com/github/docker-java/docker-java/docker-java-transport/3.3.1/docker-java-transport-3.3.1.jar:/Users/sanghamitrabhowmick/.m2/repository/com/github/docker-java/docker-java/docker-java-transport-httpclient5/3.3.1/docker-java-transport-httpclient5-3.3.1.jar:/Users/sanghamitrabhowmick/.m2/repository/com/github/docker-java/docker-java/docker-java-transport-jersey/3.3.1/docker-java-transport-jersey-3.3.1.jar:/Users/sanghamitrabhowmick/.m2/repository/com/fasterxml/jackson/jaxrs/jackson-jaxrs-json-provider/2.10.3/jackson-jaxrs-json-provider-2.10.3.jar:/Users/sanghamitrabhowmick/.m2/repository/com/fasterxml/jackson/jaxrs/jackson-jaxrs-base/2.10.3/jackson-jaxrs-base-2.10.3.jar:/Users/sanghamitrabhowmick/.m2/repository/com/fasterxml/jackson/module/jackson-module-jaxb-annotations/2.10.3/jackson-module-jaxb-annotations-2.10.3.jar:/Users/sanghamitrabhowmick/.m2/repository/jakarta/xml/bind/jakarta.xml.bind-api/2.3.2/jakarta.xml.bind-api-2.3.2.jar:/Users/sanghamitrabhowmick/.m2/repository/jakarta/activation/jakarta.activation-api/1.2.1/jakarta.activation-api-1.2.1.jar:/Users/sanghamitrabhowmick/.m2/repository/org/glassfish/jersey/connectors/jersey-apache-connector/2.30.1/jersey-apache-connector-2.30.1.jar:/Users/sanghamitrabhowmick/.m2/repository/org/glassfish/jersey/core/jersey-common/2.30.1/jersey-common-2.30.1.jar:/Users/sanghamitrabhowmick/.m2/repository/jakarta/annotation/jakarta.annotation-api/1.3.5/jakarta.annotation-api-1.3.5.jar:/Users/sanghamitrabhowmick/.m2/repository/org/glassfish/hk2/osgi-resource-locator/1.0.3/osgi-resource-locator-1.0.3.jar:/Users/sanghamitrabhowmick/.m2/repository/jakarta/ws/rs/jakarta.ws.rs-api/2.1.6/jakarta.ws.rs-api-2.1.6.jar:/Users/sanghamitrabhowmick/.m2/repository/org/apache/httpcomponents/httpcore/4.4.13/httpcore-4.4.13.jar:/Users/sanghamitrabhowmick/.m2/repository/org/glassfish/jersey/core/jersey-client/2.30.1/jersey-client-2.30.1.jar:/Users/sanghamitrabhowmick/.m2/repository/org/glassfish/hk2/external/jakarta.inject/2.6.1/jakarta.inject-2.6.1.jar:/Users/sanghamitrabhowmick/.m2/repository/org/glassfish/jersey/inject/jersey-hk2/2.30.1/jersey-hk2-2.30.1.jar:/Users/sanghamitrabhowmick/.m2/repository/org/glassfish/hk2/hk2-locator/2.6.1/hk2-locator-2.6.1.jar:/Users/sanghamitrabhowmick/.m2/repository/org/glassfish/hk2/external/aopalliance-repackaged/2.6.1/aopalliance-repackaged-2.6.1.jar:/Users/sanghamitrabhowmick/.m2/repository/org/glassfish/hk2/hk2-api/2.6.1/hk2-api-2.6.1.jar:/Users/sanghamitrabhowmick/.m2/repository/org/glassfish/hk2/hk2-utils/2.6.1/hk2-utils-2.6.1.jar:/Users/sanghamitrabhowmick/.m2/repository/org/javassist/javassist/3.25.0-GA/javassist-3.25.0-GA.jar:/Users/sanghamitrabhowmick/.m2/repository/com/kohlschutter/junixsocket/junixsocket-common/2.6.1/junixsocket-common-2.6.1.jar:/Users/sanghamitrabhowmick/.m2/repository/com/kohlschutter/junixsocket/junixsocket-native-common/2.6.1/junixsocket-native-common-2.6.1.jar:/Users/sanghamitrabhowmick/.m2/repository/com/github/docker-java/docker-java/docker-java-transport-netty/3.3.1/docker-java-transport-netty-3.3.1.jar:/Users/sanghamitrabhowmick/.m2/repository/com/github/docker-java/docker-java/docker-java-transport-okhttp/3.3.1/docker-java-transport-okhttp-3.3.1.jar:/Users/sanghamitrabhowmick/.m2/repository/com/squareup/okhttp3/okhttp/3.14.9/okhttp-3.14.9.jar:/Users/sanghamitrabhowmick/.m2/repository/com/squareup/okio/okio/1.17.2/okio-1.17.2.jar:/Users/sanghamitrabhowmick/.m2/repository/com/github/docker-java/docker-java/docker-java-transport-tck/3.3.1/docker-java-transport-tck-3.3.1.jar:/Users/sanghamitrabhowmick/.m2/repository/org/assertj/assertj-core/3.22.0/assertj-core-3.22.0.jar:/Users/sanghamitrabhowmick/.m2/repository/com/squareup/okhttp3/mockwebserver/3.14.9/mockwebserver-3.14.9.jar:/Users/sanghamitrabhowmick/.m2/repository/org/testcontainers/testcontainers/1.16.3/testcontainers-1.16.3.jar:/Users/sanghamitrabhowmick/.m2/repository/org/rnorth/duct-tape/duct-tape/1.0.8/duct-tape-1.0.8.jar:/Users/sanghamitrabhowmick/.m2/repository/org/jetbrains/annotations/17.0.0/annotations-17.0.0.jar:/Users/sanghamitrabhowmick/.m2/repository/com/github/docker-java/docker-java-api/3.2.12/docker-java-api-3.2.12.jar:/Users/sanghamitrabhowmick/.m2/repository/com/github/docker-java/docker-java-transport-zerodep/3.2.12/docker-java-transport-zerodep-3.2.12.jar:/Users/sanghamitrabhowmick/.m2/repository/org/slf4j/slf4j-jdk14/1.7.35/slf4j-jdk14-1.7.35.jar:/Users/sanghamitrabhowmick/.m2/repository/com/github/docker-java/docker-java/docker-java-transport-zerodep/3.3.1/docker-java-transport-zerodep-3.3.1.jar:/Users/sanghamitrabhowmick/.m2/repository/com/github/docker-java/docker-java-transport-httpclient5/3.3.1/docker-java-transport-httpclient5-3.3.1.jar:/Users/sanghamitrabhowmick/.m2/repository/com/github/docker-java/docker-java-transport/3.3.1/docker-java-transport-3.3.1.jar:/Users/sanghamitrabhowmick/.m2/repository/net/java/dev/jna/jna/5.12.1/jna-5.12.1.jar:/Users/sanghamitrabhowmick/.m2/repository/org/brotli/dec/0.1.2/dec-0.1.2.jar:/Users/sanghamitrabhowmick/.m2/repository/org/apache/commons/commons-lang3/3.12.0/commons-lang3-3.12.0.jar:/Users/sanghamitrabhowmick/.m2/repository/org/apache/httpcomponents/client5/httpclient5/5.2.1/httpclient5-5.2.1.jar:/Users/sanghamitrabhowmick/.m2/repository/org/apache/httpcomponents/core5/httpcore5/5.2/httpcore5-5.2.jar:/Users/sanghamitrabhowmick/.m2/repository/org/apache/httpcomponents/core5/httpcore5-h2/5.2/httpcore5-h2-5.2.jar:/Users/sanghamitrabhowmick/.m2/repository/tech/grasshopper/extentreports-cucumber6-adapter/2.8.0/extentreports-cucumber6-adapter-2.8.0.jar:/Users/sanghamitrabhowmick/.m2/repository/tech/grasshopper/extent-pdf-report/1.7.0/extent-pdf-report-1.7.0.jar:/Users/sanghamitrabhowmick/.m2/repository/tech/grasshopper/cucumber-pdf-report/2.2.0/cucumber-pdf-report-2.2.0.jar:/Users/sanghamitrabhowmick/.m2/repository/org/knowm/xchart/xchart/3.8.0/xchart-3.8.0.jar:/Users/sanghamitrabhowmick/.m2/repository/de/erichseifert/vectorgraphics2d/VectorGraphics2D/0.13/VectorGraphics2D-0.13.jar:/Users/sanghamitrabhowmick/.m2/repository/de/rototor/pdfbox/graphics2d/0.30/graphics2d-0.30.jar:/Users/sanghamitrabhowmick/.m2/repository/com/madgag/animated-gif-lib/1.4/animated-gif-lib-1.4.jar:/Users/sanghamitrabhowmick/.m2/repository/org/yaml/snakeyaml/1.28/snakeyaml-1.28.jar:/Users/sanghamitrabhowmick/.m2/repository/tech/grasshopper/table-layout/1.2.0/table-layout-1.2.0.jar:/Users/sanghamitrabhowmick/.m2/repository/org/jsoup/jsoup/1.13.1/jsoup-1.13.1.jar:/Users/sanghamitrabhowmick/.m2/repository/com/aventstack/klov-reporter/5.0.6/klov-reporter-5.0.6.jar:/Users/sanghamitrabhowmick/.m2/repository/org/mongodb/bson/3.6.4/bson-3.6.4.jar:/Users/sanghamitrabhowmick/.m2/repository/org/apache/httpcomponents/httpclient/4.5.2/httpclient-4.5.2.jar:/Users/sanghamitrabhowmick/.m2/repository/org/apache/httpcomponents/httpmime/4.5.2/httpmime-4.5.2.jar:/Users/sanghamitrabhowmick/.m2/repository/org/mongodb/mongodb-driver/3.3.0/mongodb-driver-3.3.0.jar:/Users/sanghamitrabhowmick/.m2/repository/org/mongodb/mongodb-driver-core/3.3.0/mongodb-driver-core-3.3.0.jar:/Users/sanghamitrabhowmick/.m2/repository/org/testng/testng/6.14.3/testng-6.14.3.jar:/Users/sanghamitrabhowmick/.m2/repository/com/beust/jcommander/1.72/jcommander-1.72.jar:/Users/sanghamitrabhowmick/.m2/repository/org/apache-extras/beanshell/bsh/2.0b6/bsh-2.0b6.jar:/Users/sanghamitrabhowmick/.m2/repository/io/cucumber/cucumber-testng/6.9.0/cucumber-testng-6.9.0.jar:/Users/sanghamitrabhowmick/.m2/repository/org/apache/poi/poi/4.1.2/poi-4.1.2.jar:/Users/sanghamitrabhowmick/.m2/repository/commons-codec/commons-codec/1.13/commons-codec-1.13.jar:/Users/sanghamitrabhowmick/.m2/repository/org/apache/commons/commons-collections4/4.4/commons-collections4-4.4.jar:/Users/sanghamitrabhowmick/.m2/repository/org/apache/commons/commons-math3/3.6.1/commons-math3-3.6.1.jar:/Users/sanghamitrabhowmick/.m2/repository/com/zaxxer/SparseBitSet/1.2/SparseBitSet-1.2.jar:/Users/sanghamitrabhowmick/.m2/repository/org/apache/poi/poi-ooxml/4.1.2/poi-ooxml-4.1.2.jar:/Users/sanghamitrabhowmick/.m2/repository/org/apache/poi/poi-ooxml-schemas/4.1.2/poi-ooxml-schemas-4.1.2.jar:/Users/sanghamitrabhowmick/.m2/repository/org/apache/xmlbeans/xmlbeans/3.1.0/xmlbeans-3.1.0.jar:/Users/sanghamitrabhowmick/.m2/repository/org/apache/commons/commons-compress/1.19/commons-compress-1.19.jar:/Users/sanghamitrabhowmick/.m2/repository/com/github/virtuald/curvesapi/1.06/curvesapi-1.06.jar:"/>
    <property name="java.vm.vendor" value="Eclipse Adoptium"/>
    <property name="sun.arch.data.model" value="64"/>
    <property name="java.vendor.url" value="https://adoptium.net/"/>
    <property name="os.name" value="Mac OS X"/>
    <property name="java.vm.specification.version" value="17"/>
    <property name="sun.java.launcher" value="SUN_STANDARD"/>
    <property name="user.country" value="IN"/>
    <property name="sun.boot.library.path" value="/Users/sanghamitrabhowmick/.sdkman/candidates/java/17.0.7-tem/lib"/>
    <property name="sun.java.command" value="/Users/sanghamitrabhowmick/eclipse-workspace/com.fis.qa.e2e/target/surefire/surefirebooter1379328279783996285.jar /Users/sanghamitrabhowmick/eclipse-workspace/com.fis.qa.e2e/target/surefire 2025-01-11T16-46-28_313-jvmRun1 surefire2306253871591405739tmp surefire_04973646430591257521tmp"/>
    <property name="http.nonProxyHosts" value="local|*.local|169.254/16|*.169.254/16"/>
    <property name="jdk.debug" value="release"/>
    <property name="surefire.test.class.path" value="/Users/sanghamitrabhowmick/eclipse-workspace/com.fis.qa.e2e/target/test-classes:/Users/sanghamitrabhowmick/eclipse-workspace/com.fis.qa.e2e/target/classes:/Users/sanghamitrabhowmick/.m2/repository/com/fasterxml/jackson/core/jackson-databind/2.7.4/jackson-databind-2.7.4.jar:/Users/sanghamitrabhowmick/.m2/repository/com/fasterxml/jackson/core/jackson-annotations/2.7.0/jackson-annotations-2.7.0.jar:/Users/sanghamitrabhowmick/.m2/repository/com/fasterxml/jackson/core/jackson-core/2.7.4/jackson-core-2.7.4.jar:/Users/sanghamitrabhowmick/.m2/repository/com/aventstack/extentreports/5.0.9/extentreports-5.0.9.jar:/Users/sanghamitrabhowmick/.m2/repository/io/reactivex/rxjava3/rxjava/3.0.4/rxjava-3.0.4.jar:/Users/sanghamitrabhowmick/.m2/repository/org/reactivestreams/reactive-streams/1.0.3/reactive-streams-1.0.3.jar:/Users/sanghamitrabhowmick/.m2/repository/org/freemarker/freemarker/2.3.30/freemarker-2.3.30.jar:/Users/sanghamitrabhowmick/.m2/repository/com/google/code/gson/gson/2.8.6/gson-2.8.6.jar:/Users/sanghamitrabhowmick/.m2/repository/org/imgscalr/imgscalr-lib/4.2/imgscalr-lib-4.2.jar:/Users/sanghamitrabhowmick/.m2/repository/org/projectlombok/lombok/1.18.28/lombok-1.18.28.jar:/Users/sanghamitrabhowmick/.m2/repository/com/github/ralfstuckert/pdfbox-layout/pdfbox2-layout/1.0.1/pdfbox2-layout-1.0.1.jar:/Users/sanghamitrabhowmick/.m2/repository/org/apache/pdfbox/pdfbox/2.0.4/pdfbox-2.0.4.jar:/Users/sanghamitrabhowmick/.m2/repository/org/apache/pdfbox/fontbox/2.0.4/fontbox-2.0.4.jar:/Users/sanghamitrabhowmick/.m2/repository/commons-logging/commons-logging/1.2/commons-logging-1.2.jar:/Users/sanghamitrabhowmick/.m2/repository/io/cucumber/cucumber-java/6.9.0/cucumber-java-6.9.0.jar:/Users/sanghamitrabhowmick/.m2/repository/io/cucumber/cucumber-core/6.9.0/cucumber-core-6.9.0.jar:/Users/sanghamitrabhowmick/.m2/repository/io/cucumber/cucumber-gherkin/6.9.0/cucumber-gherkin-6.9.0.jar:/Users/sanghamitrabhowmick/.m2/repository/io/cucumber/cucumber-gherkin-messages/6.9.0/cucumber-gherkin-messages-6.9.0.jar:/Users/sanghamitrabhowmick/.m2/repository/io/cucumber/messages/13.2.0/messages-13.2.0.jar:/Users/sanghamitrabhowmick/.m2/repository/io/cucumber/tag-expressions/3.0.0/tag-expressions-3.0.0.jar:/Users/sanghamitrabhowmick/.m2/repository/io/cucumber/cucumber-expressions/10.3.0/cucumber-expressions-10.3.0.jar:/Users/sanghamitrabhowmick/.m2/repository/io/cucumber/datatable/3.5.0/datatable-3.5.0.jar:/Users/sanghamitrabhowmick/.m2/repository/io/cucumber/cucumber-plugin/6.9.0/cucumber-plugin-6.9.0.jar:/Users/sanghamitrabhowmick/.m2/repository/io/cucumber/docstring/6.9.0/docstring-6.9.0.jar:/Users/sanghamitrabhowmick/.m2/repository/io/cucumber/html-formatter/9.0.0/html-formatter-9.0.0.jar:/Users/sanghamitrabhowmick/.m2/repository/io/cucumber/create-meta/2.0.4/create-meta-2.0.4.jar:/Users/sanghamitrabhowmick/.m2/repository/org/apiguardian/apiguardian-api/1.1.0/apiguardian-api-1.1.0.jar:/Users/sanghamitrabhowmick/.m2/repository/io/cucumber/cucumber-junit/6.9.0/cucumber-junit-6.9.0.jar:/Users/sanghamitrabhowmick/.m2/repository/junit/junit/4.13.1/junit-4.13.1.jar:/Users/sanghamitrabhowmick/.m2/repository/org/hamcrest/hamcrest-core/1.3/hamcrest-core-1.3.jar:/Users/sanghamitrabhowmick/.m2/repository/org/seleniumhq/selenium/selenium-java/4.3.0/selenium-java-4.3.0.jar:/Users/sanghamitrabhowmick/.m2/repository/org/seleniumhq/selenium/selenium-api/4.3.0/selenium-api-4.3.0.jar:/Users/sanghamitrabhowmick/.m2/repository/org/seleniumhq/selenium/selenium-chrome-driver/4.3.0/selenium-chrome-driver-4.3.0.jar:/Users/sanghamitrabhowmick/.m2/repository/com/google/auto/service/auto-service-annotations/1.0.1/auto-service-annotations-1.0.1.jar:/Users/sanghamitrabhowmick/.m2/repository/com/google/auto/service/auto-service/1.0.1/auto-service-1.0.1.jar:/Users/sanghamitrabhowmick/.m2/repository/com/google/auto/auto-common/1.2/auto-common-1.2.jar:/Users/sanghamitrabhowmick/.m2/repository/com/google/guava/guava/31.1-jre/guava-31.1-jre.jar:/Users/sanghamitrabhowmick/.m2/repository/com/google/guava/failureaccess/1.0.1/failureaccess-1.0.1.jar:/Users/sanghamitrabhowmick/.m2/repository/com/google/guava/listenablefuture/9999.0-empty-to-avoid-conflict-with-guava/listenablefuture-9999.0-empty-to-avoid-conflict-with-guava.jar:/Users/sanghamitrabhowmick/.m2/repository/com/google/code/findbugs/jsr305/3.0.2/jsr305-3.0.2.jar:/Users/sanghamitrabhowmick/.m2/repository/org/checkerframework/checker-qual/3.12.0/checker-qual-3.12.0.jar:/Users/sanghamitrabhowmick/.m2/repository/com/google/errorprone/error_prone_annotations/2.11.0/error_prone_annotations-2.11.0.jar:/Users/sanghamitrabhowmick/.m2/repository/com/google/j2objc/j2objc-annotations/1.3/j2objc-annotations-1.3.jar:/Users/sanghamitrabhowmick/.m2/repository/org/seleniumhq/selenium/selenium-chromium-driver/4.3.0/selenium-chromium-driver-4.3.0.jar:/Users/sanghamitrabhowmick/.m2/repository/org/seleniumhq/selenium/selenium-json/4.3.0/selenium-json-4.3.0.jar:/Users/sanghamitrabhowmick/.m2/repository/org/seleniumhq/selenium/selenium-devtools-v101/4.3.0/selenium-devtools-v101-4.3.0.jar:/Users/sanghamitrabhowmick/.m2/repository/org/seleniumhq/selenium/selenium-devtools-v102/4.3.0/selenium-devtools-v102-4.3.0.jar:/Users/sanghamitrabhowmick/.m2/repository/org/seleniumhq/selenium/selenium-devtools-v103/4.3.0/selenium-devtools-v103-4.3.0.jar:/Users/sanghamitrabhowmick/.m2/repository/org/seleniumhq/selenium/selenium-devtools-v85/4.3.0/selenium-devtools-v85-4.3.0.jar:/Users/sanghamitrabhowmick/.m2/repository/org/seleniumhq/selenium/selenium-edge-driver/4.3.0/selenium-edge-driver-4.3.0.jar:/Users/sanghamitrabhowmick/.m2/repository/org/seleniumhq/selenium/selenium-firefox-driver/4.3.0/selenium-firefox-driver-4.3.0.jar:/Users/sanghamitrabhowmick/.m2/repository/org/seleniumhq/selenium/selenium-ie-driver/4.3.0/selenium-ie-driver-4.3.0.jar:/Users/sanghamitrabhowmick/.m2/repository/org/seleniumhq/selenium/selenium-opera-driver/4.3.0/selenium-opera-driver-4.3.0.jar:/Users/sanghamitrabhowmick/.m2/repository/org/seleniumhq/selenium/selenium-remote-driver/4.3.0/selenium-remote-driver-4.3.0.jar:/Users/sanghamitrabhowmick/.m2/repository/io/netty/netty-buffer/4.1.78.Final/netty-buffer-4.1.78.Final.jar:/Users/sanghamitrabhowmick/.m2/repository/io/netty/netty-codec-http/4.1.78.Final/netty-codec-http-4.1.78.Final.jar:/Users/sanghamitrabhowmick/.m2/repository/io/netty/netty-codec/4.1.78.Final/netty-codec-4.1.78.Final.jar:/Users/sanghamitrabhowmick/.m2/repository/io/netty/netty-handler/4.1.78.Final/netty-handler-4.1.78.Final.jar:/Users/sanghamitrabhowmick/.m2/repository/io/netty/netty-common/4.1.78.Final/netty-common-4.1.78.Final.jar:/Users/sanghamitrabhowmick/.m2/repository/io/netty/netty-transport-classes-epoll/4.1.78.Final/netty-transport-classes-epoll-4.1.78.Final.jar:/Users/sanghamitrabhowmick/.m2/repository/io/netty/netty-transport-classes-kqueue/4.1.78.Final/netty-transport-classes-kqueue-4.1.78.Final.jar:/Users/sanghamitrabhowmick/.m2/repository/io/netty/netty-transport-native-epoll/4.1.78.Final/netty-transport-native-epoll-4.1.78.Final.jar:/Users/sanghamitrabhowmick/.m2/repository/io/netty/netty-transport-native-kqueue/4.1.78.Final/netty-transport-native-kqueue-4.1.78.Final.jar:/Users/sanghamitrabhowmick/.m2/repository/io/netty/netty-transport-native-unix-common/4.1.78.Final/netty-transport-native-unix-common-4.1.78.Final.jar:/Users/sanghamitrabhowmick/.m2/repository/io/netty/netty-transport/4.1.78.Final/netty-transport-4.1.78.Final.jar:/Users/sanghamitrabhowmick/.m2/repository/io/netty/netty-resolver/4.1.78.Final/netty-resolver-4.1.78.Final.jar:/Users/sanghamitrabhowmick/.m2/repository/io/opentelemetry/opentelemetry-api/1.15.0/opentelemetry-api-1.15.0.jar:/Users/sanghamitrabhowmick/.m2/repository/io/opentelemetry/opentelemetry-context/1.15.0/opentelemetry-context-1.15.0.jar:/Users/sanghamitrabhowmick/.m2/repository/io/opentelemetry/opentelemetry-exporter-logging/1.15.0/opentelemetry-exporter-logging-1.15.0.jar:/Users/sanghamitrabhowmick/.m2/repository/io/opentelemetry/opentelemetry-sdk-metrics/1.15.0/opentelemetry-sdk-metrics-1.15.0.jar:/Users/sanghamitrabhowmick/.m2/repository/io/opentelemetry/opentelemetry-sdk-logs/1.15.0-alpha/opentelemetry-sdk-logs-1.15.0-alpha.jar:/Users/sanghamitrabhowmick/.m2/repository/io/opentelemetry/opentelemetry-sdk-common/1.15.0/opentelemetry-sdk-common-1.15.0.jar:/Users/sanghamitrabhowmick/.m2/repository/io/opentelemetry/opentelemetry-sdk-extension-autoconfigure-spi/1.15.0/opentelemetry-sdk-extension-autoconfigure-spi-1.15.0.jar:/Users/sanghamitrabhowmick/.m2/repository/io/opentelemetry/opentelemetry-sdk-extension-autoconfigure/1.15.0-alpha/opentelemetry-sdk-extension-autoconfigure-1.15.0-alpha.jar:/Users/sanghamitrabhowmick/.m2/repository/io/opentelemetry/opentelemetry-sdk-trace/1.15.0/opentelemetry-sdk-trace-1.15.0.jar:/Users/sanghamitrabhowmick/.m2/repository/io/opentelemetry/opentelemetry-sdk/1.15.0/opentelemetry-sdk-1.15.0.jar:/Users/sanghamitrabhowmick/.m2/repository/io/opentelemetry/opentelemetry-semconv/1.15.0-alpha/opentelemetry-semconv-1.15.0-alpha.jar:/Users/sanghamitrabhowmick/.m2/repository/io/ous/jtoml/2.0.0/jtoml-2.0.0.jar:/Users/sanghamitrabhowmick/.m2/repository/net/bytebuddy/byte-buddy/1.12.10/byte-buddy-1.12.10.jar:/Users/sanghamitrabhowmick/.m2/repository/org/apache/commons/commons-exec/1.3/commons-exec-1.3.jar:/Users/sanghamitrabhowmick/.m2/repository/org/asynchttpclient/async-http-client/2.12.3/async-http-client-2.12.3.jar:/Users/sanghamitrabhowmick/.m2/repository/org/asynchttpclient/async-http-client-netty-utils/2.12.3/async-http-client-netty-utils-2.12.3.jar:/Users/sanghamitrabhowmick/.m2/repository/io/netty/netty-codec-socks/4.1.60.Final/netty-codec-socks-4.1.60.Final.jar:/Users/sanghamitrabhowmick/.m2/repository/io/netty/netty-handler-proxy/4.1.60.Final/netty-handler-proxy-4.1.60.Final.jar:/Users/sanghamitrabhowmick/.m2/repository/io/netty/netty-transport-native-epoll/4.1.60.Final/netty-transport-native-epoll-4.1.60.Final-linux-x86_64.jar:/Users/sanghamitrabhowmick/.m2/repository/io/netty/netty-transport-native-kqueue/4.1.60.Final/netty-transport-native-kqueue-4.1.60.Final-osx-x86_64.jar:/Users/sanghamitrabhowmick/.m2/repository/com/typesafe/netty/netty-reactive-streams/2.0.4/netty-reactive-streams-2.0.4.jar:/Users/sanghamitrabhowmick/.m2/repository/com/sun/activation/jakarta.activation/1.2.2/jakarta.activation-1.2.2.jar:/Users/sanghamitrabhowmick/.m2/repository/org/seleniumhq/selenium/selenium-http/4.3.0/selenium-http-4.3.0.jar:/Users/sanghamitrabhowmick/.m2/repository/dev/failsafe/failsafe/3.2.4/failsafe-3.2.4.jar:/Users/sanghamitrabhowmick/.m2/repository/org/seleniumhq/selenium/selenium-safari-driver/4.3.0/selenium-safari-driver-4.3.0.jar:/Users/sanghamitrabhowmick/.m2/repository/org/seleniumhq/selenium/selenium-support/4.3.0/selenium-support-4.3.0.jar:/Users/sanghamitrabhowmick/.m2/repository/io/github/bonigarcia/webdrivermanager/5.4.0/webdrivermanager-5.4.0.jar:/Users/sanghamitrabhowmick/.m2/repository/org/slf4j/slf4j-api/2.0.7/slf4j-api-2.0.7.jar:/Users/sanghamitrabhowmick/.m2/repository/com/github/docker-java/docker-java/3.3.1/docker-java-3.3.1.jar:/Users/sanghamitrabhowmick/.m2/repository/com/github/docker-java/docker-java/docker-java/3.3.1/docker-java-3.3.1.jar:/Users/sanghamitrabhowmick/.m2/repository/org/slf4j/jcl-over-slf4j/1.7.30/jcl-over-slf4j-1.7.30.jar:/Users/sanghamitrabhowmick/.m2/repository/com/github/docker-java/docker-java/docker-java-api/3.3.1/docker-java-api-3.3.1.jar:/Users/sanghamitrabhowmick/.m2/repository/com/github/docker-java/docker-java/docker-java-core/3.3.1/docker-java-core-3.3.1.jar:/Users/sanghamitrabhowmick/.m2/repository/commons-io/commons-io/2.6/commons-io-2.6.jar:/Users/sanghamitrabhowmick/.m2/repository/org/bouncycastle/bcpkix-jdk15on/1.64/bcpkix-jdk15on-1.64.jar:/Users/sanghamitrabhowmick/.m2/repository/org/bouncycastle/bcprov-jdk15on/1.64/bcprov-jdk15on-1.64.jar:/Users/sanghamitrabhowmick/.m2/repository/com/github/docker-java/docker-java/docker-java-transport/3.3.1/docker-java-transport-3.3.1.jar:/Users/sanghamitrabhowmick/.m2/repository/com/github/docker-java/docker-java/docker-java-transport-httpclient5/3.3.1/docker-java-transport-httpclient5-3.3.1.jar:/Users/sanghamitrabhowmick/.m2/repository/com/github/docker-java/docker-java/docker-java-transport-jersey/3.3.1/docker-java-transport-jersey-3.3.1.jar:/Users/sanghamitrabhowmick/.m2/repository/com/fasterxml/jackson/jaxrs/jackson-jaxrs-json-provider/2.10.3/jackson-jaxrs-json-provider-2.10.3.jar:/Users/sanghamitrabhowmick/.m2/repository/com/fasterxml/jackson/jaxrs/jackson-jaxrs-base/2.10.3/jackson-jaxrs-base-2.10.3.jar:/Users/sanghamitrabhowmick/.m2/repository/com/fasterxml/jackson/module/jackson-module-jaxb-annotations/2.10.3/jackson-module-jaxb-annotations-2.10.3.jar:/Users/sanghamitrabhowmick/.m2/repository/jakarta/xml/bind/jakarta.xml.bind-api/2.3.2/jakarta.xml.bind-api-2.3.2.jar:/Users/sanghamitrabhowmick/.m2/repository/jakarta/activation/jakarta.activation-api/1.2.1/jakarta.activation-api-1.2.1.jar:/Users/sanghamitrabhowmick/.m2/repository/org/glassfish/jersey/connectors/jersey-apache-connector/2.30.1/jersey-apache-connector-2.30.1.jar:/Users/sanghamitrabhowmick/.m2/repository/org/glassfish/jersey/core/jersey-common/2.30.1/jersey-common-2.30.1.jar:/Users/sanghamitrabhowmick/.m2/repository/jakarta/annotation/jakarta.annotation-api/1.3.5/jakarta.annotation-api-1.3.5.jar:/Users/sanghamitrabhowmick/.m2/repository/org/glassfish/hk2/osgi-resource-locator/1.0.3/osgi-resource-locator-1.0.3.jar:/Users/sanghamitrabhowmick/.m2/repository/jakarta/ws/rs/jakarta.ws.rs-api/2.1.6/jakarta.ws.rs-api-2.1.6.jar:/Users/sanghamitrabhowmick/.m2/repository/org/apache/httpcomponents/httpcore/4.4.13/httpcore-4.4.13.jar:/Users/sanghamitrabhowmick/.m2/repository/org/glassfish/jersey/core/jersey-client/2.30.1/jersey-client-2.30.1.jar:/Users/sanghamitrabhowmick/.m2/repository/org/glassfish/hk2/external/jakarta.inject/2.6.1/jakarta.inject-2.6.1.jar:/Users/sanghamitrabhowmick/.m2/repository/org/glassfish/jersey/inject/jersey-hk2/2.30.1/jersey-hk2-2.30.1.jar:/Users/sanghamitrabhowmick/.m2/repository/org/glassfish/hk2/hk2-locator/2.6.1/hk2-locator-2.6.1.jar:/Users/sanghamitrabhowmick/.m2/repository/org/glassfish/hk2/external/aopalliance-repackaged/2.6.1/aopalliance-repackaged-2.6.1.jar:/Users/sanghamitrabhowmick/.m2/repository/org/glassfish/hk2/hk2-api/2.6.1/hk2-api-2.6.1.jar:/Users/sanghamitrabhowmick/.m2/repository/org/glassfish/hk2/hk2-utils/2.6.1/hk2-utils-2.6.1.jar:/Users/sanghamitrabhowmick/.m2/repository/org/javassist/javassist/3.25.0-GA/javassist-3.25.0-GA.jar:/Users/sanghamitrabhowmick/.m2/repository/com/kohlschutter/junixsocket/junixsocket-common/2.6.1/junixsocket-common-2.6.1.jar:/Users/sanghamitrabhowmick/.m2/repository/com/kohlschutter/junixsocket/junixsocket-native-common/2.6.1/junixsocket-native-common-2.6.1.jar:/Users/sanghamitrabhowmick/.m2/repository/com/github/docker-java/docker-java/docker-java-transport-netty/3.3.1/docker-java-transport-netty-3.3.1.jar:/Users/sanghamitrabhowmick/.m2/repository/com/github/docker-java/docker-java/docker-java-transport-okhttp/3.3.1/docker-java-transport-okhttp-3.3.1.jar:/Users/sanghamitrabhowmick/.m2/repository/com/squareup/okhttp3/okhttp/3.14.9/okhttp-3.14.9.jar:/Users/sanghamitrabhowmick/.m2/repository/com/squareup/okio/okio/1.17.2/okio-1.17.2.jar:/Users/sanghamitrabhowmick/.m2/repository/com/github/docker-java/docker-java/docker-java-transport-tck/3.3.1/docker-java-transport-tck-3.3.1.jar:/Users/sanghamitrabhowmick/.m2/repository/org/assertj/assertj-core/3.22.0/assertj-core-3.22.0.jar:/Users/sanghamitrabhowmick/.m2/repository/com/squareup/okhttp3/mockwebserver/3.14.9/mockwebserver-3.14.9.jar:/Users/sanghamitrabhowmick/.m2/repository/org/testcontainers/testcontainers/1.16.3/testcontainers-1.16.3.jar:/Users/sanghamitrabhowmick/.m2/repository/org/rnorth/duct-tape/duct-tape/1.0.8/duct-tape-1.0.8.jar:/Users/sanghamitrabhowmick/.m2/repository/org/jetbrains/annotations/17.0.0/annotations-17.0.0.jar:/Users/sanghamitrabhowmick/.m2/repository/com/github/docker-java/docker-java-api/3.2.12/docker-java-api-3.2.12.jar:/Users/sanghamitrabhowmick/.m2/repository/com/github/docker-java/docker-java-transport-zerodep/3.2.12/docker-java-transport-zerodep-3.2.12.jar:/Users/sanghamitrabhowmick/.m2/repository/org/slf4j/slf4j-jdk14/1.7.35/slf4j-jdk14-1.7.35.jar:/Users/sanghamitrabhowmick/.m2/repository/com/github/docker-java/docker-java/docker-java-transport-zerodep/3.3.1/docker-java-transport-zerodep-3.3.1.jar:/Users/sanghamitrabhowmick/.m2/repository/com/github/docker-java/docker-java-transport-httpclient5/3.3.1/docker-java-transport-httpclient5-3.3.1.jar:/Users/sanghamitrabhowmick/.m2/repository/com/github/docker-java/docker-java-transport/3.3.1/docker-java-transport-3.3.1.jar:/Users/sanghamitrabhowmick/.m2/repository/net/java/dev/jna/jna/5.12.1/jna-5.12.1.jar:/Users/sanghamitrabhowmick/.m2/repository/org/brotli/dec/0.1.2/dec-0.1.2.jar:/Users/sanghamitrabhowmick/.m2/repository/org/apache/commons/commons-lang3/3.12.0/commons-lang3-3.12.0.jar:/Users/sanghamitrabhowmick/.m2/repository/org/apache/httpcomponents/client5/httpclient5/5.2.1/httpclient5-5.2.1.jar:/Users/sanghamitrabhowmick/.m2/repository/org/apache/httpcomponents/core5/httpcore5/5.2/httpcore5-5.2.jar:/Users/sanghamitrabhowmick/.m2/repository/org/apache/httpcomponents/core5/httpcore5-h2/5.2/httpcore5-h2-5.2.jar:/Users/sanghamitrabhowmick/.m2/repository/tech/grasshopper/extentreports-cucumber6-adapter/2.8.0/extentreports-cucumber6-adapter-2.8.0.jar:/Users/sanghamitrabhowmick/.m2/repository/tech/grasshopper/extent-pdf-report/1.7.0/extent-pdf-report-1.7.0.jar:/Users/sanghamitrabhowmick/.m2/repository/tech/grasshopper/cucumber-pdf-report/2.2.0/cucumber-pdf-report-2.2.0.jar:/Users/sanghamitrabhowmick/.m2/repository/org/knowm/xchart/xchart/3.8.0/xchart-3.8.0.jar:/Users/sanghamitrabhowmick/.m2/repository/de/erichseifert/vectorgraphics2d/VectorGraphics2D/0.13/VectorGraphics2D-0.13.jar:/Users/sanghamitrabhowmick/.m2/repository/de/rototor/pdfbox/graphics2d/0.30/graphics2d-0.30.jar:/Users/sanghamitrabhowmick/.m2/repository/com/madgag/animated-gif-lib/1.4/animated-gif-lib-1.4.jar:/Users/sanghamitrabhowmick/.m2/repository/org/yaml/snakeyaml/1.28/snakeyaml-1.28.jar:/Users/sanghamitrabhowmick/.m2/repository/tech/grasshopper/table-layout/1.2.0/table-layout-1.2.0.jar:/Users/sanghamitrabhowmick/.m2/repository/org/jsoup/jsoup/1.13.1/jsoup-1.13.1.jar:/Users/sanghamitrabhowmick/.m2/repository/com/aventstack/klov-reporter/5.0.6/klov-reporter-5.0.6.jar:/Users/sanghamitrabhowmick/.m2/repository/org/mongodb/bson/3.6.4/bson-3.6.4.jar:/Users/sanghamitrabhowmick/.m2/repository/org/apache/httpcomponents/httpclient/4.5.2/httpclient-4.5.2.jar:/Users/sanghamitrabhowmick/.m2/repository/org/apache/httpcomponents/httpmime/4.5.2/httpmime-4.5.2.jar:/Users/sanghamitrabhowmick/.m2/repository/org/mongodb/mongodb-driver/3.3.0/mongodb-driver-3.3.0.jar:/Users/sanghamitrabhowmick/.m2/repository/org/mongodb/mongodb-driver-core/3.3.0/mongodb-driver-core-3.3.0.jar:/Users/sanghamitrabhowmick/.m2/repository/org/testng/testng/6.14.3/testng-6.14.3.jar:/Users/sanghamitrabhowmick/.m2/repository/com/beust/jcommander/1.72/jcommander-1.72.jar:/Users/sanghamitrabhowmick/.m2/repository/org/apache-extras/beanshell/bsh/2.0b6/bsh-2.0b6.jar:/Users/sanghamitrabhowmick/.m2/repository/io/cucumber/cucumber-testng/6.9.0/cucumber-testng-6.9.0.jar:/Users/sanghamitrabhowmick/.m2/repository/org/apache/poi/poi/4.1.2/poi-4.1.2.jar:/Users/sanghamitrabhowmick/.m2/repository/commons-codec/commons-codec/1.13/commons-codec-1.13.jar:/Users/sanghamitrabhowmick/.m2/repository/org/apache/commons/commons-collections4/4.4/commons-collections4-4.4.jar:/Users/sanghamitrabhowmick/.m2/repository/org/apache/commons/commons-math3/3.6.1/commons-math3-3.6.1.jar:/Users/sanghamitrabhowmick/.m2/repository/com/zaxxer/SparseBitSet/1.2/SparseBitSet-1.2.jar:/Users/sanghamitrabhowmick/.m2/repository/org/apache/poi/poi-ooxml/4.1.2/poi-ooxml-4.1.2.jar:/Users/sanghamitrabhowmick/.m2/repository/org/apache/poi/poi-ooxml-schemas/4.1.2/poi-ooxml-schemas-4.1.2.jar:/Users/sanghamitrabhowmick/.m2/repository/org/apache/xmlbeans/xmlbeans/3.1.0/xmlbeans-3.1.0.jar:/Users/sanghamitrabhowmick/.m2/repository/org/apache/commons/commons-compress/1.19/commons-compress-1.19.jar:/Users/sanghamitrabhowmick/.m2/repository/com/github/virtuald/curvesapi/1.06/curvesapi-1.06.jar:"/>
    <property name="sun.cpu.endian" value="little"/>
    <property name="user.home" value="/Users/sanghamitrabhowmick"/>
    <property name="user.language" value="en"/>
    <property name="java.specification.vendor" value="Oracle Corporation"/>
    <property name="java.version.date" value="2023-04-18"/>
    <property name="java.home" value="/Users/sanghamitrabhowmick/.sdkman/candidates/java/17.0.7-tem"/>
    <property name="file.separator" value="/"/>
    <property name="basedir" value="/Users/sanghamitrabhowmick/eclipse-workspace/com.fis.qa.e2e"/>
    <property name="java.vm.compressedOopsMode" value="Zero based"/>
    <property name="line.separator" value="&#10;"/>
    <property name="java.vm.specification.vendor" value="Oracle Corporation"/>
    <property name="java.specification.name" value="Java Platform API Specification"/>
    <property name="surefire.real.class.path" value="/Users/sanghamitrabhowmick/eclipse-workspace/com.fis.qa.e2e/target/surefire/surefirebooter1379328279783996285.jar"/>
    <property name="sun.management.compiler" value="HotSpot 64-Bit Tiered Compilers"/>
    <property name="ftp.nonProxyHosts" value="local|*.local|169.254/16|*.169.254/16"/>
    <property name="java.runtime.version" value="17.0.7+7"/>
    <property name="user.name" value="sanghamitrabhowmick"/>
    <property name="path.separator" value=":"/>
    <property name="os.version" value="14.6.1"/>
    <property name="java.runtime.name" value="OpenJDK Runtime Environment"/>
    <property name="file.encoding" value="UTF-8"/>
    <property name="java.vm.name" value="OpenJDK 64-Bit Server VM"/>
    <property name="java.vendor.version" value="Temurin-17.0.7+7"/>
    <property name="localRepository" value="/Users/sanghamitrabhowmick/.m2/repository"/>
    <property name="java.vendor.url.bug" value="https://github.com/adoptium/adoptium-support/issues"/>
    <property name="java.io.tmpdir" value="/var/folders/kd/0h28nqpx16v6nqn85q2zdhf80000gn/T/"/>
    <property name="java.version" value="17.0.7"/>
    <property name="user.dir" value="/Users/sanghamitrabhowmick/eclipse-workspace/com.fis.qa.e2e"/>
    <property name="os.arch" value="aarch64"/>
    <property name="java.vm.specification.name" value="Java Virtual Machine Specification"/>
    <property name="native.encoding" value="UTF-8"/>
    <property name="env.url" value="https://www.ebay.com"/>
    <property name="java.library.path" value="/Users/sanghamitrabhowmick/Library/Java/Extensions:/Library/Java/Extensions:/Network/Library/Java/Extensions:/System/Library/Java/Extensions:/usr/lib/java:."/>
    <property name="java.vm.info" value="mixed mode"/>
    <property name="java.vendor" value="Eclipse Adoptium"/>
    <property name="java.vm.version" value="17.0.7+7"/>
    <property name="cucumber.glue" value="parallel"/>
    <property name="sun.io.unicode.encoding" value="UnicodeBig"/>
    <property name="socksNonProxyHosts" value="local|*.local|169.254/16|*.169.254/16"/>
    <property name="java.class.version" value="61.0"/>
  </properties>
  <testcase name="runScenario" classname="testrunners.ParallelRun" time="45.713"/>
</testsuite>