<?xml version="1.0" encoding="UTF-8"?>
<!-- Generated by org.testng.reporters.JUnitReportReporter -->
<testsuite hostname="SanghamitrasMBP" failures="0" tests="1" name="testrunners.ParallelRun" time="45.702" errors="0" timestamp="11 Jan 2025 11:17:14 GMT" skipped="0">
  <testcase classname="testrunners.ParallelRun" name="runScenario" time="45.702"/>
</testsuite> <!-- testrunners.ParallelRun -->
